Arguments: 
  C:\Program Files\nodejs\node.exe C:\Users\Anil\AppData\Roaming\npm\node_modules\yarn\bin\yarn.js add bcrypt

PATH: 
  C:\Users\Anil\bin;C:\Program Files\Git\mingw64\bin;C:\Program Files\Git\usr\local\bin;C:\Program Files\Git\usr\bin;C:\Program Files\Git\usr\bin;C:\Program Files\Git\mingw64\bin;C:\Program Files\Git\usr\bin;C:\Users\Anil\bin;C:\Program Files\Common Files\Oracle\Java\javapath;C:\Windows\system32;C:\Windows;C:\Windows\System32\Wbem;C:\Windows\System32\WindowsPowerShell\v1.0;C:\Windows\System32\OpenSSH;C:\Program Files (x86)\NVIDIA Corporation\PhysX\Common;C:\Program Files\NVIDIA Corporation\NVIDIA NvDLISR;C:\Program Files\Java\jdk-19\bin;C:\Program Files\Git\cmd;C:\Program Files\MongoDB\mongosh-1.10.2-win32-x64\bin;C:\MinGW\bin;C:\Program Files\nodejs;C:\Program Files\MySQL\MySQL Shell 8.0\bin;C:\Users\Anil\AppData\Local\Programs\Python\Python310\Scripts;C:\Users\Anil\AppData\Local\Programs\Python\Python310;C:\Users\Anil\AppData\Local\Microsoft\WindowsApps;C:\Users\Anil\AppData\Local\Programs\Microsoft VS Code\bin;C:\Program Files\JetBrains\PyCharm 2022.1.3\bin;C:\Program Files\JetBrains\PyCharm Community Edition 2022.1.3\bin;C:\MinGW\bin;C:\Program Files\JetBrains\IntelliJ IDEA Community Edition 2022.3.3\bin;C:\Program Files\heroku\bin;C:\Users\Anil\AppData\Local\atom\bin;C:\Program Files\MongoDB\Server\6.0\bin;C:\Program Files (x86)\mongosh-1.10.0-win32-x64\bin;C:\Users\Anil\AppData\Local\Programs\Hyper\resources\bin;C:\Users\Anil\AppData\Local\GitHubDesktop\bin;C:\Users\Anil\AppData\Roaming\npm;C:\Program Files\Git\usr\bin\vendor_perl;C:\Program Files\Git\usr\bin\core_perl

Yarn version: 
  1.22.19

Node version: 
  18.18.0

Platform: 
  win32 x64

Trace: 
  Error: getaddrinfo ENOTFOUND registry.yarnpkg.com
      at GetAddrInfoReqWrap.onlookup [as oncomplete] (node:dns:108:26)

npm manifest: 
  {
    "name": "server",
    "version": "1.0.0",
    "main": "index.js",
    "license": "MIT"
  }

yarn manifest: 
  No manifest

Lockfile: 
  No lockfile
